<?xml version="1.0" encoding="UTF-8"?>
<!DOCTYPE plist PUBLIC "-//Apple//DTD PLIST 1.0//EN" "http://www.apple.com/DTDs/PropertyList-1.0.dtd">
<plist version="1.0">
<array>
	<dict>
		<key>80211D_IE</key>
		<dict>
			<key>IE_KEY_80211D_CHAN_INFO_ARRAY</key>
			<array>
				<dict>
					<key>IE_KEY_80211D_FIRST_CHANNEL</key>
					<integer>36</integer>
					<key>IE_KEY_80211D_MAX_POWER</key>
					<integer>30</integer>
					<key>IE_KEY_80211D_NUM_CHANNELS</key>
					<integer>4</integer>
				</dict>
				<dict>
					<key>IE_KEY_80211D_FIRST_CHANNEL</key>
					<integer>149</integer>
					<key>IE_KEY_80211D_MAX_POWER</key>
					<integer>30</integer>
					<key>IE_KEY_80211D_NUM_CHANNELS</key>
					<integer>5</integer>
				</dict>
			</array>
			<key>IE_KEY_80211D_COUNTRY_CODE</key>
			<string>US</string>
		</dict>
		<key>AGE</key>
		<integer>3810</integer>
		<key>AP_MODE</key>
		<integer>2</integer>
		<key>BEACON_INT</key>
		<integer>100</integer>
		<key>BSSID</key>
		<string>b6:fb:e4:95:bc:4</string>
		<key>CAPABILITIES</key>
		<integer>49</integer>
		<key>CHANNEL</key>
		<integer>36</integer>
		<key>CHANNEL_FLAGS</key>
		<integer>1040</integer>
		<key>HT_CAPS_IE</key>
		<dict>
			<key>AMPDU_PARAMS</key>
			<integer>27</integer>
			<key>ASEL_CAPS</key>
			<integer>0</integer>
			<key>CAPS</key>
			<integer>6639</integer>
			<key>EXT_CAPS</key>
			<integer>0</integer>
			<key>MCS_SET</key>
			<data>
			////AAAAAAAAAAAAAQAAAA==
			</data>
			<key>TXBF_CAPS</key>
			<integer>0</integer>
		</dict>
		<key>HT_IE</key>
		<dict>
			<key>HT_BASIC_MCS_SET</key>
			<data>
			AAAAAAAAAAAAAAAAAAAAAA==
			</data>
			<key>HT_DUAL_BEACON</key>
			<false/>
			<key>HT_DUAL_CTS_PROT</key>
			<false/>
			<key>HT_LSIG_TXOP_PROT_FULL</key>
			<false/>
			<key>HT_NON_GF_STAS_PRESENT</key>
			<false/>
			<key>HT_OBSS_NON_HT_STAS_PRESENT</key>
			<false/>
			<key>HT_OP_MODE</key>
			<integer>0</integer>
			<key>HT_PCO_ACTIVE</key>
			<false/>
			<key>HT_PCO_PHASE</key>
			<false/>
			<key>HT_PRIMARY_CHAN</key>
			<integer>36</integer>
			<key>HT_PSMP_STAS_ONLY</key>
			<false/>
			<key>HT_RIFS_MODE</key>
			<false/>
			<key>HT_SECONDARY_BEACON</key>
			<false/>
			<key>HT_SECONDARY_CHAN_OFFSET</key>
			<integer>1</integer>
			<key>HT_SERVICE_INT</key>
			<integer>0</integer>
			<key>HT_STA_CHAN_WIDTH</key>
			<true/>
			<key>HT_TX_BURST_LIMIT</key>
			<false/>
		</dict>
		<key>IE</key>
		<data>
		AAxDQVNBLUFNUExJRkkBCIwSmCSwSGBsAwEkBwpVUyAkBB6VBR4AMBQBAAAP
		rAQBAAAPrAQBAAAPrAIMADsCgAAtGu8ZG////wAAAAAAAAAAAAEAAAAAAAAA
		AAAAPRYkBQEEAAAAAAAAAAAAAAAAAAAAAAAAfwgEAAACAAAAQL8MsgCAM+r/
		AADq/wAAwAUBKgD8/8MEAjw8PN0YAFDyAgEBAQADpAAAJ6QAAEJDXgBiMi8A
		3XUAUPIEEEoAARAQRAABAhA7AAEDEEcAEMv/Uat9+kjwv6cgDKDh8KwQIQAP
		d3d3LmFtcGxpZmkuY29tECMAASAQJAABIBBCAAEgEFQACAAGAFDyBAABEBEA
		B0FtcGxpZmkQCAACAAAQPAABAhBJAAYANyoAASDdBUTZ50GG
		</data>
		<key>NOISE</key>
		<integer>-88</integer>
		<key>RATES</key>
		<array>
			<integer>6</integer>
			<integer>9</integer>
			<integer>12</integer>
			<integer>18</integer>
			<integer>24</integer>
			<integer>36</integer>
			<integer>48</integer>
			<integer>54</integer>
		</array>
		<key>RSN_IE</key>
		<dict>
			<key>IE_KEY_RSN_AUTHSELS</key>
			<array>
				<integer>2</integer>
			</array>
			<key>IE_KEY_RSN_CAPS</key>
			<dict>
				<key>GTKSA_REPLAY_COUNTERS</key>
				<integer>1</integer>
				<key>MFP_CAPABLE</key>
				<false/>
				<key>MFP_REQUIRED</key>
				<false/>
				<key>NO_PAIRWISE</key>
				<false/>
				<key>PRE_AUTH</key>
				<false/>
				<key>PTKSA_REPLAY_COUNTERS</key>
				<integer>16</integer>
				<key>RSN_CAPABILITIES</key>
				<integer>12</integer>
			</dict>
			<key>IE_KEY_RSN_MCIPHER</key>
			<integer>4</integer>
			<key>IE_KEY_RSN_UCIPHERS</key>
			<array>
				<integer>4</integer>
			</array>
			<key>IE_KEY_RSN_VERSION</key>
			<integer>1</integer>
		</dict>
		<key>RSSI</key>
		<integer>-76</integer>
		<key>SSID</key>
		<data>
		Q0FTQS1BTVBMSUZJ
		</data>
		<key>SSID_STR</key>
		<string>CASA-AMPLIFI</string>
		<key>VHT_CAPS</key>
		<dict>
			<key>INFO</key>
			<integer>864026802</integer>
			<key>SUPPORTED_MCS_SET</key>
			<data>
			6v8AAOr/AAA=
			</data>
		</dict>
		<key>VHT_OP</key>
		<dict>
			<key>BASIC_MCS_SET</key>
			<integer>-4</integer>
			<key>CHANNEL_CENTER_FREQUENCY_SEG0</key>
			<integer>42</integer>
			<key>CHANNEL_CENTER_FREQUENCY_SEG1</key>
			<integer>0</integer>
			<key>CHANNEL_WIDTH</key>
			<integer>1</integer>
		</dict>
		<key>WPS_PROB_RESP_IE</key>
		<dict>
			<key>IE_KEY_WPS_CFG_METHODS</key>
			<integer>0</integer>
			<key>IE_KEY_WPS_DEV_NAME</key>
			<string>Amplifi</string>
			<key>IE_KEY_WPS_DEV_NAME_DATA</key>
			<data>
			QW1wbGlmaQ==
			</data>
			<key>IE_KEY_WPS_MANUFACTURER</key>
			<string>www.amplifi.com</string>
			<key>IE_KEY_WPS_MODEL_NAME</key>
			<string> </string>
			<key>IE_KEY_WPS_MODEL_NUM</key>
			<string> </string>
			<key>IE_KEY_WPS_PRIMARY_DEV_TYPE</key>
			<dict>
				<key>WPS_DEV_TYPE_CAT</key>
				<integer>6</integer>
				<key>WPS_DEV_TYPE_OUI</key>
				<data>
				AFDyBA==
				</data>
				<key>WPS_DEV_TYPE_SUB_CAT</key>
				<integer>1</integer>
			</dict>
			<key>IE_KEY_WPS_RESP_TYPE</key>
			<integer>3</integer>
			<key>IE_KEY_WPS_RF_BANDS</key>
			<integer>2</integer>
			<key>IE_KEY_WPS_SC_STATE</key>
			<integer>2</integer>
			<key>IE_KEY_WPS_SERIAL_NUM</key>
			<string> </string>
			<key>IE_KEY_WPS_UUID_E</key>
			<data>
			y/9Rq336SPC/pyAMoOHwrA==
			</data>
		</dict>
	</dict>
	<dict>
		<key>80211D_IE</key>
		<dict>
			<key>IE_KEY_80211D_CHAN_INFO_ARRAY</key>
			<array>
				<dict>
					<key>IE_KEY_80211D_FIRST_CHANNEL</key>
					<integer>1</integer>
					<key>IE_KEY_80211D_MAX_POWER</key>
					<integer>30</integer>
					<key>IE_KEY_80211D_NUM_CHANNELS</key>
					<integer>11</integer>
				</dict>
			</array>
			<key>IE_KEY_80211D_COUNTRY_CODE</key>
			<string>US</string>
		</dict>
		<key>AGE</key>
		<integer>3469</integer>
		<key>AP_MODE</key>
		<integer>2</integer>
		<key>BEACON_INT</key>
		<integer>100</integer>
		<key>BSSID</key>
		<string>b4:fb:e4:94:bc:4</string>
		<key>CAPABILITIES</key>
		<integer>1073</integer>
		<key>CHANNEL</key>
		<integer>1</integer>
		<key>CHANNEL_FLAGS</key>
		<integer>10</integer>
		<key>HT_CAPS_IE</key>
		<dict>
			<key>AMPDU_PARAMS</key>
			<integer>27</integer>
			<key>ASEL_CAPS</key>
			<integer>0</integer>
			<key>CAPS</key>
			<integer>4588</integer>
			<key>EXT_CAPS</key>
			<integer>0</integer>
			<key>MCS_SET</key>
			<data>
			////AAAAAAAAAAAAAQAAAA==
			</data>
			<key>TXBF_CAPS</key>
			<integer>0</integer>
		</dict>
		<key>HT_IE</key>
		<dict>
			<key>HT_BASIC_MCS_SET</key>
			<data>
			AAAAAAAAAAAAAAAAAAAAAA==
			</data>
			<key>HT_DUAL_BEACON</key>
			<false/>
			<key>HT_DUAL_CTS_PROT</key>
			<false/>
			<key>HT_LSIG_TXOP_PROT_FULL</key>
			<false/>
			<key>HT_NON_GF_STAS_PRESENT</key>
			<true/>
			<key>HT_OBSS_NON_HT_STAS_PRESENT</key>
			<false/>
			<key>HT_OP_MODE</key>
			<integer>0</integer>
			<key>HT_PCO_ACTIVE</key>
			<false/>
			<key>HT_PCO_PHASE</key>
			<false/>
			<key>HT_PRIMARY_CHAN</key>
			<integer>1</integer>
			<key>HT_PSMP_STAS_ONLY</key>
			<false/>
			<key>HT_RIFS_MODE</key>
			<false/>
			<key>HT_SECONDARY_BEACON</key>
			<false/>
			<key>HT_SECONDARY_CHAN_OFFSET</key>
			<integer>0</integer>
			<key>HT_SERVICE_INT</key>
			<integer>0</integer>
			<key>HT_STA_CHAN_WIDTH</key>
			<false/>
			<key>HT_TX_BURST_LIMIT</key>
			<false/>
		</dict>
		<key>IE</key>
		<data>
		AAxDQVNBLUFNUExJRkkBCIKEi5YMEhgkAwEBBwZVUyABCx4qAQAyBDBIYGww
		FAEAAA+sBAEAAA+sBAEAAA+sAgwAOwJRAC0a7BEb////AAAAAAAAAAAAAQAA
		AAAEAAAAAAA9FgEABAAAAAAAAAAAAAAAAAAAAAAAAAB/CAQAAAIAAABA3RgA
		UPICAQEAAAOkAAAnpAAAQkNeAGIyLwDddQBQ8gQQSgABEBBEAAECEDsAAQMQ
		RwAQy/9Rq336SPC/pyAMoOHwrBAhAA93d3cuYW1wbGlmaS5jb20QIwABIBAk
		AAEgEEIAASAQVAAIAAYAUPIEAAEQEQAHQW1wbGlmaRAIAAIAABA8AAEBEEkA
		BgA3KgABIN0FRNnnQYY=
		</data>
		<key>NOISE</key>
		<integer>-88</integer>
		<key>RATES</key>
		<array>
			<integer>1</integer>
			<integer>2</integer>
			<integer>5</integer>
			<integer>11</integer>
			<integer>6</integer>
			<integer>9</integer>
			<integer>12</integer>
			<integer>18</integer>
			<integer>24</integer>
			<integer>36</integer>
			<integer>48</integer>
			<integer>54</integer>
		</array>
		<key>RSN_IE</key>
		<dict>
			<key>IE_KEY_RSN_AUTHSELS</key>
			<array>
				<integer>2</integer>
			</array>
			<key>IE_KEY_RSN_CAPS</key>
			<dict>
				<key>GTKSA_REPLAY_COUNTERS</key>
				<integer>1</integer>
				<key>MFP_CAPABLE</key>
				<false/>
				<key>MFP_REQUIRED</key>
				<false/>
				<key>NO_PAIRWISE</key>
				<false/>
				<key>PRE_AUTH</key>
				<false/>
				<key>PTKSA_REPLAY_COUNTERS</key>
				<integer>16</integer>
				<key>RSN_CAPABILITIES</key>
				<integer>12</integer>
			</dict>
			<key>IE_KEY_RSN_MCIPHER</key>
			<integer>4</integer>
			<key>IE_KEY_RSN_UCIPHERS</key>
			<array>
				<integer>4</integer>
			</array>
			<key>IE_KEY_RSN_VERSION</key>
			<integer>1</integer>
		</dict>
		<key>RSSI</key>
		<integer>-67</integer>
		<key>SSID</key>
		<data>
		Q0FTQS1BTVBMSUZJ
		</data>
		<key>SSID_STR</key>
		<string>CASA-AMPLIFI</string>
		<key>WPS_PROB_RESP_IE</key>
		<dict>
			<key>IE_KEY_WPS_CFG_METHODS</key>
			<integer>0</integer>
			<key>IE_KEY_WPS_DEV_NAME</key>
			<string>Amplifi</string>
			<key>IE_KEY_WPS_DEV_NAME_DATA</key>
			<data>
			QW1wbGlmaQ==
			</data>
			<key>IE_KEY_WPS_MANUFACTURER</key>
			<string>www.amplifi.com</string>
			<key>IE_KEY_WPS_MODEL_NAME</key>
			<string> </string>
			<key>IE_KEY_WPS_MODEL_NUM</key>
			<string> </string>
			<key>IE_KEY_WPS_PRIMARY_DEV_TYPE</key>
			<dict>
				<key>WPS_DEV_TYPE_CAT</key>
				<integer>6</integer>
				<key>WPS_DEV_TYPE_OUI</key>
				<data>
				AFDyBA==
				</data>
				<key>WPS_DEV_TYPE_SUB_CAT</key>
				<integer>1</integer>
			</dict>
			<key>IE_KEY_WPS_RESP_TYPE</key>
			<integer>3</integer>
			<key>IE_KEY_WPS_RF_BANDS</key>
			<integer>1</integer>
			<key>IE_KEY_WPS_SC_STATE</key>
			<integer>2</integer>
			<key>IE_KEY_WPS_SERIAL_NUM</key>
			<string> </string>
			<key>IE_KEY_WPS_UUID_E</key>
			<data>
			y/9Rq336SPC/pyAMoOHwrA==
			</data>
		</dict>
	</dict>
	<dict>
		<key>80211D_IE</key>
		<dict>
			<key>IE_KEY_80211D_CHAN_INFO_ARRAY</key>
			<array>
				<dict>
					<key>IE_KEY_80211D_FIRST_CHANNEL</key>
					<integer>1</integer>
					<key>IE_KEY_80211D_MAX_POWER</key>
					<integer>30</integer>
					<key>IE_KEY_80211D_NUM_CHANNELS</key>
					<integer>11</integer>
				</dict>
			</array>
			<key>IE_KEY_80211D_COUNTRY_CODE</key>
			<string>US</string>
		</dict>
		<key>AGE</key>
		<integer>22535</integer>
		<key>AP_MODE</key>
		<integer>2</integer>
		<key>BEACON_INT</key>
		<integer>100</integer>
		<key>BSSID</key>
		<string>b4:fb:e4:94:9e:ec</string>
		<key>CAPABILITIES</key>
		<integer>1073</integer>
		<key>CHANNEL</key>
		<integer>1</integer>
		<key>CHANNEL_FLAGS</key>
		<integer>10</integer>
		<key>HT_CAPS_IE</key>
		<dict>
			<key>AMPDU_PARAMS</key>
			<integer>27</integer>
			<key>ASEL_CAPS</key>
			<integer>0</integer>
			<key>CAPS</key>
			<integer>4588</integer>
			<key>EXT_CAPS</key>
			<integer>0</integer>
			<key>MCS_SET</key>
			<data>
			////AAAAAAAAAAAAAQAAAA==
			</data>
			<key>TXBF_CAPS</key>
			<integer>0</integer>
		</dict>
		<key>HT_IE</key>
		<dict>
			<key>HT_BASIC_MCS_SET</key>
			<data>
			AAAAAAAAAAAAAAAAAAAAAA==
			</data>
			<key>HT_DUAL_BEACON</key>
			<false/>
			<key>HT_DUAL_CTS_PROT</key>
			<false/>
			<key>HT_LSIG_TXOP_PROT_FULL</key>
			<false/>
			<key>HT_NON_GF_STAS_PRESENT</key>
			<true/>
			<key>HT_OBSS_NON_HT_STAS_PRESENT</key>
			<false/>
			<key>HT_OP_MODE</key>
			<integer>0</integer>
			<key>HT_PCO_ACTIVE</key>
			<false/>
			<key>HT_PCO_PHASE</key>
			<false/>
			<key>HT_PRIMARY_CHAN</key>
			<integer>1</integer>
			<key>HT_PSMP_STAS_ONLY</key>
			<false/>
			<key>HT_RIFS_MODE</key>
			<false/>
			<key>HT_SECONDARY_BEACON</key>
			<false/>
			<key>HT_SECONDARY_CHAN_OFFSET</key>
			<integer>0</integer>
			<key>HT_SERVICE_INT</key>
			<integer>0</integer>
			<key>HT_STA_CHAN_WIDTH</key>
			<false/>
			<key>HT_TX_BURST_LIMIT</key>
			<false/>
		</dict>
		<key>IE</key>
		<data>
		AAxDQVNBLUFNUExJRkkBCIKEi5YMEhgkAwEBBQQBAgAABwZVUyABCx4qAQAy
		BDBIYGwwFAEAAA+sBAEAAA+sBAEEAA+sAgwAOwJRAC0a7BEb////AAAAAAAA
		AAAAAQAAAAAAAAAAAAA9FgEABAAAAAAAAAAAAAAAAAAAAAAAAAB/CAQAAAIA
		AABA3RgAUPICAQEAAAOkAAAnpAAAQkNeAGIyLwDdHQBQ8gQQSgABEBBEAAEC
		EDwAAQEQSQAGADcqAAEg3QVE2edBhw==
		</data>
		<key>NOISE</key>
		<integer>-89</integer>
		<key>RATES</key>
		<array>
			<integer>1</integer>
			<integer>2</integer>
			<integer>5</integer>
			<integer>11</integer>
			<integer>6</integer>
			<integer>9</integer>
			<integer>12</integer>
			<integer>18</integer>
			<integer>24</integer>
			<integer>36</integer>
			<integer>48</integer>
			<integer>54</integer>
		</array>
		<key>RSN_IE</key>
		<dict>
			<key>IE_KEY_RSN_AUTHSELS</key>
			<array>
				<integer>2</integer>
			</array>
			<key>IE_KEY_RSN_CAPS</key>
			<dict>
				<key>GTKSA_REPLAY_COUNTERS</key>
				<integer>1</integer>
				<key>MFP_CAPABLE</key>
				<false/>
				<key>MFP_REQUIRED</key>
				<false/>
				<key>NO_PAIRWISE</key>
				<false/>
				<key>PRE_AUTH</key>
				<false/>
				<key>PTKSA_REPLAY_COUNTERS</key>
				<integer>16</integer>
				<key>RSN_CAPABILITIES</key>
				<integer>12</integer>
			</dict>
			<key>IE_KEY_RSN_MCIPHER</key>
			<integer>4</integer>
			<key>IE_KEY_RSN_UCIPHERS</key>
			<array>
				<integer>4</integer>
			</array>
			<key>IE_KEY_RSN_VERSION</key>
			<integer>1</integer>
		</dict>
		<key>RSSI</key>
		<integer>-40</integer>
		<key>SSID</key>
		<data>
		Q0FTQS1BTVBMSUZJ
		</data>
		<key>SSID_STR</key>
		<string>CASA-AMPLIFI</string>
		<key>WPS_BEACON_IE</key>
		<dict>
			<key>IE_KEY_WPS_RF_BANDS</key>
			<integer>1</integer>
			<key>IE_KEY_WPS_SC_STATE</key>
			<integer>2</integer>
		</dict>
	</dict>
	<dict>
		<key>80211D_IE</key>
		<dict>
			<key>IE_KEY_80211D_CHAN_INFO_ARRAY</key>
			<array>
				<dict>
					<key>IE_KEY_80211D_FIRST_CHANNEL</key>
					<integer>36</integer>
					<key>IE_KEY_80211D_MAX_POWER</key>
					<integer>30</integer>
					<key>IE_KEY_80211D_NUM_CHANNELS</key>
					<integer>4</integer>
				</dict>
				<dict>
					<key>IE_KEY_80211D_FIRST_CHANNEL</key>
					<integer>149</integer>
					<key>IE_KEY_80211D_MAX_POWER</key>
					<integer>30</integer>
					<key>IE_KEY_80211D_NUM_CHANNELS</key>
					<integer>5</integer>
				</dict>
			</array>
			<key>IE_KEY_80211D_COUNTRY_CODE</key>
			<string>US</string>
		</dict>
		<key>AGE</key>
		<integer>318</integer>
		<key>AP_MODE</key>
		<integer>2</integer>
		<key>BEACON_INT</key>
		<integer>100</integer>
		<key>BSSID</key>
		<string>b4:fb:e4:95:9e:ec</string>
		<key>CAPABILITIES</key>
		<integer>17</integer>
		<key>CHANNEL</key>
		<integer>36</integer>
		<key>CHANNEL_FLAGS</key>
		<integer>1040</integer>
		<key>HT_CAPS_IE</key>
		<dict>
			<key>AMPDU_PARAMS</key>
			<integer>27</integer>
			<key>ASEL_CAPS</key>
			<integer>0</integer>
			<key>CAPS</key>
			<integer>2543</integer>
			<key>EXT_CAPS</key>
			<integer>0</integer>
			<key>MCS_SET</key>
			<data>
			////AAAAAAAAAAAAAQAAAA==
			</data>
			<key>TXBF_CAPS</key>
			<integer>0</integer>
		</dict>
		<key>HT_IE</key>
		<dict>
			<key>HT_BASIC_MCS_SET</key>
			<data>
			AAAAAAAAAAAAAAAAAAAAAA==
			</data>
			<key>HT_DUAL_BEACON</key>
			<false/>
			<key>HT_DUAL_CTS_PROT</key>
			<false/>
			<key>HT_LSIG_TXOP_PROT_FULL</key>
			<false/>
			<key>HT_NON_GF_STAS_PRESENT</key>
			<true/>
			<key>HT_OBSS_NON_HT_STAS_PRESENT</key>
			<false/>
			<key>HT_OP_MODE</key>
			<integer>0</integer>
			<key>HT_PCO_ACTIVE</key>
			<false/>
			<key>HT_PCO_PHASE</key>
			<false/>
			<key>HT_PRIMARY_CHAN</key>
			<integer>36</integer>
			<key>HT_PSMP_STAS_ONLY</key>
			<false/>
			<key>HT_RIFS_MODE</key>
			<false/>
			<key>HT_SECONDARY_BEACON</key>
			<false/>
			<key>HT_SECONDARY_CHAN_OFFSET</key>
			<integer>1</integer>
			<key>HT_SERVICE_INT</key>
			<integer>0</integer>
			<key>HT_STA_CHAN_WIDTH</key>
			<true/>
			<key>HT_TX_BURST_LIMIT</key>
			<false/>
		</dict>
		<key>IE</key>
		<data>
		AAxDQVNBLUFNUExJRkkBCIwSmCSwSGBsAwEkBQQAAgAABwpVUyAkBB6VBR4A
		MBQBAAAPrAQBAAAPrAQBAAAPrAIMADsCgAAtGu8JG////wAAAAAAAAAAAAEA
		AAAAAAAAAAAAPRYkBQQAAAAAAAAAAEAAAAAAAAAAAAAAfwgEAAACAAAAQL8M
		sgCAM+r/AADq/wAAwAUBKgD8/8MEAjw8PN0YAFDyAgEBAQADpAAAJ6QAAEJD
		XgBiMi8A3R0AUPIEEEoAARAQRAABAhA8AAECEEkABgA3KgABIN0FRNnnQYc=
		</data>
		<key>NOISE</key>
		<integer>-88</integer>
		<key>RATES</key>
		<array>
			<integer>6</integer>
			<integer>9</integer>
			<integer>12</integer>
			<integer>18</integer>
			<integer>24</integer>
			<integer>36</integer>
			<integer>48</integer>
			<integer>54</integer>
		</array>
		<key>RSN_IE</key>
		<dict>
			<key>IE_KEY_RSN_AUTHSELS</key>
			<array>
				<integer>2</integer>
			</array>
			<key>IE_KEY_RSN_CAPS</key>
			<dict>
				<key>GTKSA_REPLAY_COUNTERS</key>
				<integer>1</integer>
				<key>MFP_CAPABLE</key>
				<false/>
				<key>MFP_REQUIRED</key>
				<false/>
				<key>NO_PAIRWISE</key>
				<false/>
				<key>PRE_AUTH</key>
				<false/>
				<key>PTKSA_REPLAY_COUNTERS</key>
				<integer>16</integer>
				<key>RSN_CAPABILITIES</key>
				<integer>12</integer>
			</dict>
			<key>IE_KEY_RSN_MCIPHER</key>
			<integer>4</integer>
			<key>IE_KEY_RSN_UCIPHERS</key>
			<array>
				<integer>4</integer>
			</array>
			<key>IE_KEY_RSN_VERSION</key>
			<integer>1</integer>
		</dict>
		<key>RSSI</key>
		<integer>-64</integer>
		<key>SSID</key>
		<data>
		Q0FTQS1BTVBMSUZJ
		</data>
		<key>SSID_STR</key>
		<string>CASA-AMPLIFI</string>
		<key>VHT_CAPS</key>
		<dict>
			<key>INFO</key>
			<integer>864026802</integer>
			<key>SUPPORTED_MCS_SET</key>
			<data>
			6v8AAOr/AAA=
			</data>
		</dict>
		<key>VHT_OP</key>
		<dict>
			<key>BASIC_MCS_SET</key>
			<integer>-4</integer>
			<key>CHANNEL_CENTER_FREQUENCY_SEG0</key>
			<integer>42</integer>
			<key>CHANNEL_CENTER_FREQUENCY_SEG1</key>
			<integer>0</integer>
			<key>CHANNEL_WIDTH</key>
			<integer>1</integer>
		</dict>
		<key>WPS_BEACON_IE</key>
		<dict>
			<key>IE_KEY_WPS_RF_BANDS</key>
			<integer>2</integer>
			<key>IE_KEY_WPS_SC_STATE</key>
			<integer>2</integer>
		</dict>
	</dict>
	<dict>
		<key>11U_INTERWORKING_IE</key>
		<dict>
			<key>INTERWORKING_ACCESS_ASRA</key>
			<false/>
			<key>INTERWORKING_ACCESS_ESR</key>
			<false/>
			<key>INTERWORKING_ACCESS_INTERNET</key>
			<false/>
			<key>INTERWORKING_ACCESS_NETWORK_TYPE</key>
			<integer>0</integer>
			<key>INTERWORKING_ACCESS_UESA</key>
			<false/>
		</dict>
		<key>80211D_IE</key>
		<dict>
			<key>IE_KEY_80211D_CHAN_INFO_ARRAY</key>
			<array>
				<dict>
					<key>IE_KEY_80211D_FIRST_CHANNEL</key>
					<integer>1</integer>
					<key>IE_KEY_80211D_MAX_POWER</key>
					<integer>30</integer>
					<key>IE_KEY_80211D_NUM_CHANNELS</key>
					<integer>11</integer>
				</dict>
			</array>
			<key>IE_KEY_80211D_COUNTRY_CODE</key>
			<string>US</string>
		</dict>
		<key>AGE</key>
		<integer>3040</integer>
		<key>AP_MODE</key>
		<integer>2</integer>
		<key>BEACON_INT</key>
		<integer>100</integer>
		<key>BSSID</key>
		<string>60:d2:48:b9:12:e3</string>
		<key>CAPABILITIES</key>
		<integer>1073</integer>
		<key>CHANNEL</key>
		<integer>11</integer>
		<key>CHANNEL_FLAGS</key>
		<integer>10</integer>
		<key>EXT_CAPS</key>
		<dict>
			<key>BSS_TRANS_MGMT</key>
			<integer>1</integer>
		</dict>
		<key>HT_CAPS_IE</key>
		<dict>
			<key>AMPDU_PARAMS</key>
			<integer>23</integer>
			<key>ASEL_CAPS</key>
			<integer>0</integer>
			<key>CAPS</key>
			<integer>45</integer>
			<key>EXT_CAPS</key>
			<integer>0</integer>
			<key>MCS_SET</key>
			<data>
			////AAAAAAAAAAAAAAAAAA==
			</data>
			<key>TXBF_CAPS</key>
			<integer>294061080</integer>
		</dict>
		<key>HT_IE</key>
		<dict>
			<key>HT_BASIC_MCS_SET</key>
			<data>
			AAAAAAAAAAAAAAAAAAAAAA==
			</data>
			<key>HT_DUAL_BEACON</key>
			<false/>
			<key>HT_DUAL_CTS_PROT</key>
			<false/>
			<key>HT_LSIG_TXOP_PROT_FULL</key>
			<false/>
			<key>HT_NON_GF_STAS_PRESENT</key>
			<true/>
			<key>HT_OBSS_NON_HT_STAS_PRESENT</key>
			<false/>
			<key>HT_OP_MODE</key>
			<integer>0</integer>
			<key>HT_PCO_ACTIVE</key>
			<false/>
			<key>HT_PCO_PHASE</key>
			<false/>
			<key>HT_PRIMARY_CHAN</key>
			<integer>11</integer>
			<key>HT_PSMP_STAS_ONLY</key>
			<false/>
			<key>HT_RIFS_MODE</key>
			<false/>
			<key>HT_SECONDARY_BEACON</key>
			<false/>
			<key>HT_SECONDARY_CHAN_OFFSET</key>
			<integer>0</integer>
			<key>HT_SERVICE_INT</key>
			<integer>0</integer>
			<key>HT_STA_CHAN_WIDTH</key>
			<false/>
			<key>HT_TX_BURST_LIMIT</key>
			<false/>
		</dict>
		<key>IE</key>
		<data>
		AAtDQVNBLTIuNEdIegEIgoSLlhIkSGwDAQsqAQAyBIyYsGAtGi0AF////wAA
		AAAAAAAAAAAAEAAAABgEhxEAPRYLAAQAAAAAAAAAAAAAAAAAAAAAAAAA3RoA
		UPIBAQAAUPICAgAAUPICAFDyBAEAAFDyAjAYAQAAD6wCAgAAD6wCAA+sBAEA
		AA+sAgAAawEAfwkBAAiAAAAAAAALBQEAABJ63RgAUPICAQEAAAOkAAAnpAAA
		QkNeAGIyLwAHBlVTIAELHr8MsXnCM+r/kgTq/5IEwAUAAADq/92pAFDyBBBK
		AAEQEEQAAQIQOwABAxBHABC8Mp4AHdgRsoYBYNJIuRLjECEAGFJhbGluayBU
		ZWNobm9sb2d5LCBDb3JwLhAjABxSYWxpbmsgV2lyZWxlc3MgQWNjZXNzIFBv
		aW50ECQABlJUMjg2MBBCAAgxMjM0NTY3OBBUAAgABgBQ8gQAARARAAtBUlJJ
		U18yNEdBUBAIAAIhDBA8AAEBEEkABgA3KgABIN0HAAxDCwAAAN0hAAznCAAA
		AL8MsQHAMyr/kgQq/5IEwAUAAAAq/8MDAQIC
		</data>
		<key>NOISE</key>
		<integer>-88</integer>
		<key>QBSS_LOAD_IE</key>
		<dict>
			<key>QBSS_AAC</key>
			<integer>31250</integer>
			<key>QBSS_CHAN_UTIL</key>
			<integer>0</integer>
			<key>QBSS_STA_COUNT</key>
			<integer>1</integer>
		</dict>
		<key>RATES</key>
		<array>
			<integer>1</integer>
			<integer>2</integer>
			<integer>5</integer>
			<integer>11</integer>
			<integer>9</integer>
			<integer>18</integer>
			<integer>36</integer>
			<integer>54</integer>
			<integer>6</integer>
			<integer>12</integer>
			<integer>24</integer>
			<integer>48</integer>
		</array>
		<key>RSN_IE</key>
		<dict>
			<key>IE_KEY_RSN_AUTHSELS</key>
			<array>
				<integer>2</integer>
			</array>
			<key>IE_KEY_RSN_MCIPHER</key>
			<integer>2</integer>
			<key>IE_KEY_RSN_UCIPHERS</key>
			<array>
				<integer>2</integer>
				<integer>4</integer>
			</array>
			<key>IE_KEY_RSN_VERSION</key>
			<integer>1</integer>
		</dict>
		<key>RSSI</key>
		<integer>-29</integer>
		<key>SSID</key>
		<data>
		Q0FTQS0yLjRHSHo=
		</data>
		<key>SSID_STR</key>
		<string>CASA-2.4GHz</string>
		<key>VHT_CAPS</key>
		<dict>
			<key>INFO</key>
			<integer>868383153</integer>
			<key>SUPPORTED_MCS_SET</key>
			<data>
			6v+SBOr/kgQ=
			</data>
		</dict>
		<key>VHT_OP</key>
		<dict>
			<key>BASIC_MCS_SET</key>
			<integer>-22</integer>
			<key>CHANNEL_CENTER_FREQUENCY_SEG0</key>
			<integer>0</integer>
			<key>CHANNEL_CENTER_FREQUENCY_SEG1</key>
			<integer>0</integer>
			<key>CHANNEL_WIDTH</key>
			<integer>0</integer>
		</dict>
		<key>WPA_IE</key>
		<dict>
			<key>IE_KEY_WPA_AUTHSELS</key>
			<array>
				<integer>2</integer>
			</array>
			<key>IE_KEY_WPA_MCIPHER</key>
			<integer>2</integer>
			<key>IE_KEY_WPA_UCIPHERS</key>
			<array>
				<integer>2</integer>
				<integer>4</integer>
			</array>
			<key>IE_KEY_WPA_VERSION</key>
			<integer>1</integer>
		</dict>
		<key>WPS_PROB_RESP_IE</key>
		<dict>
			<key>IE_KEY_WPS_CFG_METHODS</key>
			<integer>8460</integer>
			<key>IE_KEY_WPS_DEV_NAME</key>
			<string>ARRIS_24GAP</string>
			<key>IE_KEY_WPS_DEV_NAME_DATA</key>
			<data>
			QVJSSVNfMjRHQVA=
			</data>
			<key>IE_KEY_WPS_MANUFACTURER</key>
			<string>Ralink Technology, Corp.</string>
			<key>IE_KEY_WPS_MODEL_NAME</key>
			<string>Ralink Wireless Access Point</string>
			<key>IE_KEY_WPS_MODEL_NUM</key>
			<string>RT2860</string>
			<key>IE_KEY_WPS_PRIMARY_DEV_TYPE</key>
			<dict>
				<key>WPS_DEV_TYPE_CAT</key>
				<integer>6</integer>
				<key>WPS_DEV_TYPE_OUI</key>
				<data>
				AFDyBA==
				</data>
				<key>WPS_DEV_TYPE_SUB_CAT</key>
				<integer>1</integer>
			</dict>
			<key>IE_KEY_WPS_RESP_TYPE</key>
			<integer>3</integer>
			<key>IE_KEY_WPS_RF_BANDS</key>
			<integer>1</integer>
			<key>IE_KEY_WPS_SC_STATE</key>
			<integer>2</integer>
			<key>IE_KEY_WPS_SERIAL_NUM</key>
			<string>12345678</string>
			<key>IE_KEY_WPS_UUID_E</key>
			<data>
			vDKeAB3YEbKGAWDSSLkS4w==
			</data>
		</dict>
	</dict>
	<dict>
		<key>11U_INTERWORKING_IE</key>
		<dict>
			<key>INTERWORKING_ACCESS_ASRA</key>
			<false/>
			<key>INTERWORKING_ACCESS_ESR</key>
			<false/>
			<key>INTERWORKING_ACCESS_INTERNET</key>
			<false/>
			<key>INTERWORKING_ACCESS_NETWORK_TYPE</key>
			<integer>0</integer>
			<key>INTERWORKING_ACCESS_UESA</key>
			<false/>
		</dict>
		<key>80211D_IE</key>
		<dict>
			<key>IE_KEY_80211D_CHAN_INFO_ARRAY</key>
			<array>
				<dict>
					<key>IE_KEY_80211D_FIRST_CHANNEL</key>
					<integer>36</integer>
					<key>IE_KEY_80211D_MAX_POWER</key>
					<integer>30</integer>
					<key>IE_KEY_80211D_NUM_CHANNELS</key>
					<integer>4</integer>
				</dict>
				<dict>
					<key>IE_KEY_80211D_FIRST_CHANNEL</key>
					<integer>52</integer>
					<key>IE_KEY_80211D_MAX_POWER</key>
					<integer>24</integer>
					<key>IE_KEY_80211D_NUM_CHANNELS</key>
					<integer>4</integer>
				</dict>
				<dict>
					<key>IE_KEY_80211D_FIRST_CHANNEL</key>
					<integer>100</integer>
					<key>IE_KEY_80211D_MAX_POWER</key>
					<integer>24</integer>
					<key>IE_KEY_80211D_NUM_CHANNELS</key>
					<integer>5</integer>
				</dict>
				<dict>
					<key>IE_KEY_80211D_FIRST_CHANNEL</key>
					<integer>132</integer>
					<key>IE_KEY_80211D_MAX_POWER</key>
					<integer>24</integer>
					<key>IE_KEY_80211D_NUM_CHANNELS</key>
					<integer>4</integer>
				</dict>
				<dict>
					<key>IE_KEY_80211D_FIRST_CHANNEL</key>
					<integer>149</integer>
					<key>IE_KEY_80211D_MAX_POWER</key>
					<integer>30</integer>
					<key>IE_KEY_80211D_NUM_CHANNELS</key>
					<integer>5</integer>
				</dict>
			</array>
			<key>IE_KEY_80211D_COUNTRY_CODE</key>
			<string>US</string>
		</dict>
		<key>AGE</key>
		<integer>3683</integer>
		<key>AP_MODE</key>
		<integer>2</integer>
		<key>BEACON_INT</key>
		<integer>100</integer>
		<key>BSSID</key>
		<string>60:d2:48:b9:12:e4</string>
		<key>CAPABILITIES</key>
		<integer>305</integer>
		<key>CHANNEL</key>
		<integer>149</integer>
		<key>CHANNEL_FLAGS</key>
		<integer>1040</integer>
		<key>EXT_CAPS</key>
		<dict>
			<key>BSS_TRANS_MGMT</key>
			<integer>1</integer>
		</dict>
		<key>HT_CAPS_IE</key>
		<dict>
			<key>AMPDU_PARAMS</key>
			<integer>23</integer>
			<key>ASEL_CAPS</key>
			<integer>0</integer>
			<key>CAPS</key>
			<integer>495</integer>
			<key>EXT_CAPS</key>
			<integer>0</integer>
			<key>MCS_SET</key>
			<data>
			/////wEAAAAAAAAAAAAAAA==
			</data>
			<key>TXBF_CAPS</key>
			<integer>428278808</integer>
		</dict>
		<key>HT_IE</key>
		<dict>
			<key>HT_BASIC_MCS_SET</key>
			<data>
			AAAAAAAAAAAAAAAAAAAAAA==
			</data>
			<key>HT_DUAL_BEACON</key>
			<false/>
			<key>HT_DUAL_CTS_PROT</key>
			<false/>
			<key>HT_LSIG_TXOP_PROT_FULL</key>
			<false/>
			<key>HT_NON_GF_STAS_PRESENT</key>
			<false/>
			<key>HT_OBSS_NON_HT_STAS_PRESENT</key>
			<false/>
			<key>HT_OP_MODE</key>
			<integer>0</integer>
			<key>HT_PCO_ACTIVE</key>
			<false/>
			<key>HT_PCO_PHASE</key>
			<false/>
			<key>HT_PRIMARY_CHAN</key>
			<integer>149</integer>
			<key>HT_PSMP_STAS_ONLY</key>
			<false/>
			<key>HT_RIFS_MODE</key>
			<false/>
			<key>HT_SECONDARY_BEACON</key>
			<false/>
			<key>HT_SECONDARY_CHAN_OFFSET</key>
			<integer>1</integer>
			<key>HT_SERVICE_INT</key>
			<integer>0</integer>
			<key>HT_STA_CHAN_WIDTH</key>
			<true/>
			<key>HT_TX_BURST_LIMIT</key>
			<false/>
		</dict>
		<key>IE</key>
		<data>
		AAlDQVNBLTVHSHoBCIwSmCSwSGBsAwGVLRrvARf/////AQAAAAAAAAAAAAAA
		AAAYBIcZAD0WlQUAAAAAAAAAAEAAAAAAAAAAAAAAAN0aAFDyAQEAAFDyAgIA
		AFDyAgBQ8gQBAABQ8gIwGAEAAA+sAgIAAA+sAgAPrAQBAAAPrAIAAGsBAH8J
		AAAIgAAAAAAACwUAAAASet0YAFDyAgEBAAADpAAAJ6QAAEJDXgBiMi8AIAEA
		IwI/AMMEAh4eHgcSVVMgJAQeNAQYZAUYhAQYlQUevwyxecMzqv8YBqr/GAbA
		BQGbAKr/3agAUPIEEEoAARAQRAABAhA7AAEDEEcAELwyngAd2BGyhgFg0ki5
		EuMQIQAYUmFsaW5rIFRlY2hub2xvZ3ksIENvcnAuECMAHFJhbGluayBXaXJl
		bGVzcyBBY2Nlc3MgUG9pbnQQJAAGUlQyODYwEEIACDEyMzQ1Njc4EFQACAAG
		AFDyBAABEBEACkFSUklTXzVHQVAQCAACIQwQPAABAhBJAAYANyoAASDdBwAM
		QwMAAADdIQAM5wAAAAC/DLEBwDMq/5IEKv+SBMAFAAAAKv/DAwECAg==
		</data>
		<key>NOISE</key>
		<integer>-88</integer>
		<key>QBSS_LOAD_IE</key>
		<dict>
			<key>QBSS_AAC</key>
			<integer>31250</integer>
			<key>QBSS_CHAN_UTIL</key>
			<integer>0</integer>
			<key>QBSS_STA_COUNT</key>
			<integer>0</integer>
		</dict>
		<key>RATES</key>
		<array>
			<integer>6</integer>
			<integer>9</integer>
			<integer>12</integer>
			<integer>18</integer>
			<integer>24</integer>
			<integer>36</integer>
			<integer>48</integer>
			<integer>54</integer>
		</array>
		<key>RSN_IE</key>
		<dict>
			<key>IE_KEY_RSN_AUTHSELS</key>
			<array>
				<integer>2</integer>
			</array>
			<key>IE_KEY_RSN_MCIPHER</key>
			<integer>2</integer>
			<key>IE_KEY_RSN_UCIPHERS</key>
			<array>
				<integer>2</integer>
				<integer>4</integer>
			</array>
			<key>IE_KEY_RSN_VERSION</key>
			<integer>1</integer>
		</dict>
		<key>RSSI</key>
		<integer>-37</integer>
		<key>SSID</key>
		<data>
		Q0FTQS01R0h6
		</data>
		<key>SSID_STR</key>
		<string>CASA-5GHz</string>
		<key>VHT_CAPS</key>
		<dict>
			<key>INFO</key>
			<integer>868448689</integer>
			<key>SUPPORTED_MCS_SET</key>
			<data>
			qv8YBqr/GAY=
			</data>
		</dict>
		<key>VHT_OP</key>
		<dict>
			<key>BASIC_MCS_SET</key>
			<integer>-86</integer>
			<key>CHANNEL_CENTER_FREQUENCY_SEG0</key>
			<integer>-101</integer>
			<key>CHANNEL_CENTER_FREQUENCY_SEG1</key>
			<integer>0</integer>
			<key>CHANNEL_WIDTH</key>
			<integer>1</integer>
		</dict>
		<key>WPA_IE</key>
		<dict>
			<key>IE_KEY_WPA_AUTHSELS</key>
			<array>
				<integer>2</integer>
			</array>
			<key>IE_KEY_WPA_MCIPHER</key>
			<integer>2</integer>
			<key>IE_KEY_WPA_UCIPHERS</key>
			<array>
				<integer>2</integer>
				<integer>4</integer>
			</array>
			<key>IE_KEY_WPA_VERSION</key>
			<integer>1</integer>
		</dict>
		<key>WPS_PROB_RESP_IE</key>
		<dict>
			<key>IE_KEY_WPS_CFG_METHODS</key>
			<integer>8460</integer>
			<key>IE_KEY_WPS_DEV_NAME</key>
			<string>ARRIS_5GAP</string>
			<key>IE_KEY_WPS_DEV_NAME_DATA</key>
			<data>
			QVJSSVNfNUdBUA==
			</data>
			<key>IE_KEY_WPS_MANUFACTURER</key>
			<string>Ralink Technology, Corp.</string>
			<key>IE_KEY_WPS_MODEL_NAME</key>
			<string>Ralink Wireless Access Point</string>
			<key>IE_KEY_WPS_MODEL_NUM</key>
			<string>RT2860</string>
			<key>IE_KEY_WPS_PRIMARY_DEV_TYPE</key>
			<dict>
				<key>WPS_DEV_TYPE_CAT</key>
				<integer>6</integer>
				<key>WPS_DEV_TYPE_OUI</key>
				<data>
				AFDyBA==
				</data>
				<key>WPS_DEV_TYPE_SUB_CAT</key>
				<integer>1</integer>
			</dict>
			<key>IE_KEY_WPS_RESP_TYPE</key>
			<integer>3</integer>
			<key>IE_KEY_WPS_RF_BANDS</key>
			<integer>2</integer>
			<key>IE_KEY_WPS_SC_STATE</key>
			<integer>2</integer>
			<key>IE_KEY_WPS_SERIAL_NUM</key>
			<string>12345678</string>
			<key>IE_KEY_WPS_UUID_E</key>
			<data>
			vDKeAB3YEbKGEWDSSLkS4w==
			</data>
		</dict>
	</dict>
</array>
</plist>
